2025-12-19 00:06:13 | INFO     | ct_studio | info:76 | ============================================================
2025-12-19 00:06:13 | INFO     | ct_studio | info:76 | Application started
2025-12-19 00:06:13 | INFO     | ct_studio | info:76 | ============================================================
2025-12-19 00:06:14 | INFO     | ct_studio | info:76 | Loading master items...
2025-12-19 00:06:14 | INFO     | ct_studio | info:76 | Loaded 2 master items
2025-12-19 00:06:14 | INFO     | ct_studio | info:76 | Loading staff data...
2025-12-19 00:06:14 | INFO     | ct_studio | info:76 | Loaded 2 staff records
2025-12-19 00:06:14 | INFO     | ct_studio | info:76 | Loading customers...
2025-12-19 00:06:15 | INFO     | ct_studio | info:76 | Loaded 14 customers
2025-12-19 00:06:15 | INFO     | ct_studio | info:76 | Processed data: 2 items, 1 sales, 1 artists
2025-12-19 00:06:15 | INFO     | ct_studio | info:76 | Initializing session state
2025-12-19 00:17:12 | INFO     | ct_studio | info:76 | ============================================================
2025-12-19 00:17:12 | INFO     | ct_studio | info:76 | Application started
2025-12-19 00:17:12 | INFO     | ct_studio | info:76 | ============================================================
2025-12-19 00:17:13 | INFO     | ct_studio | info:76 | Loading master items...
2025-12-19 00:17:14 | INFO     | ct_studio | info:76 | Loaded 2 master items
2025-12-19 00:17:14 | INFO     | ct_studio | info:76 | Loading staff data...
2025-12-19 00:17:14 | INFO     | ct_studio | info:76 | Loaded 2 staff records
2025-12-19 00:17:14 | INFO     | ct_studio | info:76 | Loading customers...
2025-12-19 00:17:14 | INFO     | ct_studio | info:76 | Loaded 14 customers
2025-12-19 00:17:14 | INFO     | ct_studio | info:76 | Processed data: 2 items, 1 sales, 1 artists
